<?xml version="1.0" encoding="UTF-8"?>
<!-- Generated by org.testng.reporters.JUnitXMLReporter -->
<testsuite ignored="1" hostname="NAREN" failures="0" tests="6" name="Personal Information" time="22.358" errors="0" timestamp="2022-01-11T08:35:26 IST">
  <testcase classname="Tests.PersonalInformation" name="doLogIn" time="9.73"/>
  <testcase classname="Tests.PersonalInformation" name="doLogIn" time="1.633"/>
  <testcase classname="Tests.PersonalInformation" name="getBasicPage" time="4.752"/>
  <testcase classname="Tests.PersonalInformation" name="getAdmissionsServicesMastersProductsPage" time="2.244"/>
  <testcase classname="Tests.PersonalInformation" name="clickonBoardAcademicInfoPage" time="0.201"/>
  <testcase classname="Tests.PersonalInformation" name="validateNegativeOnboardingPersonalInfo" time="1.691"/>
  <testcase classname="Tests.PersonalInformation" name="validateOnboardingPersonalInfo" time="0.0">
    <ignored/>
  </testcase> <!-- validateOnboardingPersonalInfo -->
</testsuite> <!-- Personal Information -->
