<?xml version="1.0" encoding="UTF-8"?>
<testng-results ignored="22" total="40" passed="17" failed="1" skipped="0">
  <reporter-output>
    <line>
      <![CDATA[Invalid Password [Popup Detected]]]>
    </line>
    <line>
      <![CDATA[Login Successful]]>
    </line>
    <line>
      <![CDATA[Onboarding gets clicked]]>
    </line>
    <line>
      <![CDATA[Personal Information gets clicked]]>
    </line>
    <line>
      <![CDATA[Please fill the required field [Popup Detected]]]>
    </line>
    <line>
      <![CDATA[Entered into academic information]]>
    </line>
    <line>
      <![CDATA[Entered into 10th grade]]>
    </line>
    <line>
      <![CDATA[School Name Entered]]>
    </line>
    <line>
      <![CDATA[Examination Board Combo gets clicked]]>
    </line>
    <line>
      <![CDATA[Examination Board Combo value clicked]]>
    </line>
    <line>
      <![CDATA[Start Date entered]]>
    </line>
    <line>
      <![CDATA[End Date entered]]>
    </line>
    <line>
      <![CDATA[Upload file is clicked]]>
    </line>
    <line>
      <![CDATA[File is uploaded]]>
    </line>
    <line>
      <![CDATA[Save button is clicked]]>
    </line>
    <line>
      <![CDATA[Failed to wait for en element 
Expected condition failed: waiting for presence of element located by: By.xpath: Please fill the required field (tried for 10 second(s) with 2000 milliseconds interval)]]>
    </line>
    <line>
      <![CDATA[Entered into academic information]]>
    </line>
    <line>
      <![CDATA[Entered into 12th grade]]>
    </line>
    <line>
      <![CDATA[School Name Entered]]>
    </line>
    <line>
      <![CDATA[Examination Board Combo gets clicked]]>
    </line>
    <line>
      <![CDATA[Examination Board Combo value clicked]]>
    </line>
    <line>
      <![CDATA[Start Date entered]]>
    </line>
    <line>
      <![CDATA[End Date entered]]>
    </line>
    <line>
      <![CDATA[Upload file is clicked]]>
    </line>
    <line>
      <![CDATA[File is uploaded]]>
    </line>
    <line>
      <![CDATA[Save button is clicked]]>
    </line>
    <line>
      <![CDATA[Failed to wait for en element 
Expected condition failed: waiting for presence of element located by: By.xpath: Please fill the required field (tried for 10 second(s) with 2000 milliseconds interval)]]>
    </line>
    <line>
      <![CDATA[Document is in ready state]]>
    </line>
    <line>
      <![CDATA[This page is not defined with JQuery]]>
    </line>
    <line>
      <![CDATA[Back to onboarding]]>
    </line>
    <line>
      <![CDATA[Entered into academic information]]>
    </line>
    <line>
      <![CDATA[Entered into Diploma]]>
    </line>
    <line>
      <![CDATA[College Combo gets clicked]]>
    </line>
    <line>
      <![CDATA[College Combo value clicked]]>
    </line>
    <line>
      <![CDATA[University Combo gets clicked]]>
    </line>
    <line>
      <![CDATA[University Combo value clicked]]>
    </line>
    <line>
      <![CDATA[Field Of Study Combo gets clicked]]>
    </line>
    <line>
      <![CDATA[Field Of Study Combo value clicked]]>
    </line>
    <line>
      <![CDATA[Start Date entered]]>
    </line>
    <line>
      <![CDATA[End Date entered]]>
    </line>
    <line>
      <![CDATA[Grade Scale Combo gets clicked]]>
    </line>
    <line>
      <![CDATA[Grade Scale Combo value clicked]]>
    </line>
    <line>
      <![CDATA[CGPA entered]]>
    </line>
    <line>
      <![CDATA[Save button is clicked]]>
    </line>
    <line>
      <![CDATA[Failed to wait for en element 
Expected condition failed: waiting for presence of element located by: By.xpath: Please fill the required field (tried for 10 second(s) with 2000 milliseconds interval)]]>
    </line>
    <line>
      <![CDATA[Document is in ready state]]>
    </line>
    <line>
      <![CDATA[This page is not defined with JQuery]]>
    </line>
    <line>
      <![CDATA[Back to onboarding]]>
    </line>
    <line>
      <![CDATA[Entered into academic information]]>
    </line>
    <line>
      <![CDATA[Entered into undergraduate]]>
    </line>
    <line>
      <![CDATA[College Combo gets clicked]]>
    </line>
    <line>
      <![CDATA[College Combo value clicked]]>
    </line>
    <line>
      <![CDATA[University Combo gets clicked]]>
    </line>
    <line>
      <![CDATA[University Combo value clicked]]>
    </line>
    <line>
      <![CDATA[Field Of Study Combo gets clicked]]>
    </line>
    <line>
      <![CDATA[Field Of Study Combo value clicked]]>
    </line>
    <line>
      <![CDATA[Start Date entered]]>
    </line>
    <line>
      <![CDATA[End Date entered]]>
    </line>
    <line>
      <![CDATA[Grade Scale Combo gets clicked]]>
    </line>
    <line>
      <![CDATA[Grade Scale Combo value clicked]]>
    </line>
    <line>
      <![CDATA[CGPA entered]]>
    </line>
    <line>
      <![CDATA[Save button is clicked]]>
    </line>
    <line>
      <![CDATA[Failed to wait for en element 
Expected condition failed: waiting for presence of element located by: By.xpath: Please fill the required field (tried for 10 second(s) with 2000 milliseconds interval)]]>
    </line>
    <line>
      <![CDATA[Document is in ready state]]>
    </line>
    <line>
      <![CDATA[This page is not defined with JQuery]]>
    </line>
    <line>
      <![CDATA[Back to onboarding]]>
    </line>
    <line>
      <![CDATA[Document is in ready state]]>
    </line>
    <line>
      <![CDATA[This page is not defined with JQuery]]>
    </line>
    <line>
      <![CDATA[Entered into academic information]]>
    </line>
    <line>
      <![CDATA[Entered into postgraduate]]>
    </line>
    <line>
      <![CDATA[College Combo gets clicked]]>
    </line>
    <line>
      <![CDATA[College Combo value clicked]]>
    </line>
    <line>
      <![CDATA[University Combo gets clicked]]>
    </line>
    <line>
      <![CDATA[University Combo value clicked]]>
    </line>
    <line>
      <![CDATA[Field Of Study Combo gets clicked]]>
    </line>
    <line>
      <![CDATA[Field Of Study Combo value clicked]]>
    </line>
    <line>
      <![CDATA[Start Date entered]]>
    </line>
    <line>
      <![CDATA[End Date entered]]>
    </line>
    <line>
      <![CDATA[Grade Scale Combo gets clicked]]>
    </line>
    <line>
      <![CDATA[Grade Scale Combo value clicked]]>
    </line>
    <line>
      <![CDATA[CGPA entered]]>
    </line>
    <line>
      <![CDATA[Save button is clicked]]>
    </line>
    <line>
      <![CDATA[Failed to wait for en element 
Expected condition failed: waiting for presence of element located by: By.xpath: Please fill the required field (tried for 10 second(s) with 2000 milliseconds interval)]]>
    </line>
  </reporter-output>
  <suite started-at="2022-01-15T17:16:22 IST" name="Personal info and academic info functionality test" finished-at="2022-01-15T17:18:25 IST" duration-ms="123348">
    <groups>
      <group name="NegativeTests">
        <method signature="Diploma.validateNegativeDiplomaInfo()[pri:2, instance:Tests.Diploma@298a5e20]" name="validateNegativeDiplomaInfo" class="Tests.Diploma"/>
        <method signature="PlusTwo.validateNegativePlus2GradeInfo()[pri:2, instance:Tests.PlusTwo@2ddc9a9f]" name="validateNegativePlus2GradeInfo" class="Tests.PlusTwo"/>
        <method signature="PostGraduate.validateNegativePostGradInfo()[pri:2, instance:Tests.PostGraduate@46cdf8bd]" name="validateNegativePostGradInfo" class="Tests.PostGraduate"/>
        <method signature="Ssc.validateNegativeTenthGradeInfo()[pri:2, instance:Tests.Ssc@2e385cce]" name="validateNegativeTenthGradeInfo" class="Tests.Ssc"/>
        <method signature="UnderGraduate.validateNegativeUnderGradInfo()[pri:2, instance:Tests.UnderGraduate@2a7f1f10]" name="validateNegativeUnderGradInfo" class="Tests.UnderGraduate"/>
      </group> <!-- NegativeTests -->
    </groups>
    <test started-at="2022-01-15T17:16:22 IST" name="Personal Information" finished-at="2022-01-15T17:16:53 IST" duration-ms="30862">
      <class name="Tests.PersonalInformation">
        <test-method is-config="true" signature="beforeTest()[pri:0, instance:Tests.PersonalInformation@38cee291]" started-at="2022-01-15T17:16:22 IST" name="beforeTest" finished-at="2022-01-15T17:16:22 IST" duration-ms="0" status="PASS">
          <reporter-output>
          </reporter-output>
        </test-method> <!-- beforeTest -->
        <test-method is-config="true" signature="initDriver()[pri:0, instance:Tests.PersonalInformation@38cee291]" started-at="2022-01-15T17:16:22 IST" name="initDriver" finished-at="2022-01-15T17:16:23 IST" depends-on-methods="Helper.OpentapsWrappers.beforeTest" duration-ms="1719" status="PASS">
          <reporter-output>
          </reporter-output>
        </test-method> <!-- initDriver -->
        <test-method is-config="true" signature="beforeMethod()[pri:0, instance:Tests.PersonalInformation@38cee291]" started-at="2022-01-15T17:16:24 IST" name="beforeMethod" finished-at="2022-01-15T17:16:24 IST" duration-ms="0" status="PASS">
          <reporter-output>
          </reporter-output>
        </test-method> <!-- beforeMethod -->
        <test-method signature="doLogIn(java.lang.String,java.lang.String,java.lang.String)[pri:1, instance:Tests.PersonalInformation@38cee291]" started-at="2022-01-15T17:16:24 IST" name="doLogIn" data-provider="LoginData" finished-at="2022-01-15T17:16:40 IST" duration-ms="16093" status="PASS">
          <params>
            <param index="0">
              <value>
                <![CDATA[stagetester1@gmail.com]]>
              </value>
            </param>
            <param index="1">
              <value>
                <![CDATA[678968767]]>
              </value>
            </param>
            <param index="2">
              <value>
                <![CDATA[Invalid Password]]>
              </value>
            </param>
          </params>
          <reporter-output>
          </reporter-output>
        </test-method> <!-- doLogIn -->
        <test-method is-config="true" signature="beforeMethod()[pri:0, instance:Tests.PersonalInformation@38cee291]" started-at="2022-01-15T17:16:40 IST" name="beforeMethod" finished-at="2022-01-15T17:16:40 IST" duration-ms="1" status="PASS">
          <reporter-output>
          </reporter-output>
        </test-method> <!-- beforeMethod -->
        <test-method signature="doLogIn(java.lang.String,java.lang.String,java.lang.String)[pri:1, instance:Tests.PersonalInformation@38cee291]" started-at="2022-01-15T17:16:40 IST" name="doLogIn" data-provider="LoginData" finished-at="2022-01-15T17:16:42 IST" duration-ms="2635" status="PASS">
          <params>
            <param index="0">
              <value>
                <![CDATA[testingtester123@gmail.com]]>
              </value>
            </param>
            <param index="1">
              <value>
                <![CDATA[5641234567]]>
              </value>
            </param>
            <param index="2">
              <value>
                <![CDATA[Valid username and password]]>
              </value>
            </param>
          </params>
          <reporter-output>
          </reporter-output>
        </test-method> <!-- doLogIn -->
        <test-method is-config="true" signature="beforeMethod()[pri:0, instance:Tests.PersonalInformation@38cee291]" started-at="2022-01-15T17:16:42 IST" name="beforeMethod" finished-at="2022-01-15T17:16:42 IST" duration-ms="0" status="PASS">
          <reporter-output>
          </reporter-output>
        </test-method> <!-- beforeMethod -->
        <test-method signature="getBasicPage()[pri:2, instance:Tests.PersonalInformation@38cee291]" started-at="2022-01-15T17:16:42 IST" name="getBasicPage" finished-at="2022-01-15T17:16:47 IST" duration-ms="4779" status="PASS">
          <reporter-output>
          </reporter-output>
        </test-method> <!-- getBasicPage -->
        <test-method is-config="true" signature="beforeMethod()[pri:0, instance:Tests.PersonalInformation@38cee291]" started-at="2022-01-15T17:16:47 IST" name="beforeMethod" finished-at="2022-01-15T17:16:47 IST" duration-ms="0" status="PASS">
          <reporter-output>
          </reporter-output>
        </test-method> <!-- beforeMethod -->
        <test-method signature="getAdmissionsServicesMastersProductsPage()[pri:3, instance:Tests.PersonalInformation@38cee291]" started-at="2022-01-15T17:16:47 IST" name="getAdmissionsServicesMastersProductsPage" finished-at="2022-01-15T17:16:50 IST" duration-ms="2413" status="PASS">
          <reporter-output>
            <line>
              <![CDATA[Onboarding gets clicked]]>
            </line>
          </reporter-output>
        </test-method> <!-- getAdmissionsServicesMastersProductsPage -->
        <test-method is-config="true" signature="beforeMethod()[pri:0, instance:Tests.PersonalInformation@38cee291]" started-at="2022-01-15T17:16:50 IST" name="beforeMethod" finished-at="2022-01-15T17:16:50 IST" duration-ms="1" status="PASS">
          <reporter-output>
          </reporter-output>
        </test-method> <!-- beforeMethod -->
        <test-method signature="clickonBoardAcademicInfoPage()[pri:4, instance:Tests.PersonalInformation@38cee291]" started-at="2022-01-15T17:16:50 IST" name="clickonBoardAcademicInfoPage" finished-at="2022-01-15T17:16:50 IST" duration-ms="219" status="PASS">
          <reporter-output>
            <line>
              <![CDATA[Personal Information gets clicked]]>
            </line>
          </reporter-output>
        </test-method> <!-- clickonBoardAcademicInfoPage -->
        <test-method is-config="true" signature="beforeMethod()[pri:0, instance:Tests.PersonalInformation@38cee291]" started-at="2022-01-15T17:16:50 IST" name="beforeMethod" finished-at="2022-01-15T17:16:50 IST" duration-ms="0" status="PASS">
          <reporter-output>
          </reporter-output>
        </test-method> <!-- beforeMethod -->
        <test-method signature="validateNegativeOnboardingPersonalInfo()[pri:5, instance:Tests.PersonalInformation@38cee291]" started-at="2022-01-15T17:16:50 IST" name="validateNegativeOnboardingPersonalInfo" finished-at="2022-01-15T17:16:53 IST" duration-ms="2646" status="PASS">
          <reporter-output>
            <line>
              <![CDATA[Please fill the required field [Popup Detected]]]>
            </line>
          </reporter-output>
        </test-method> <!-- validateNegativeOnboardingPersonalInfo -->
        <test-method is-config="true" signature="tearDown()[pri:0, instance:Tests.PersonalInformation@38cee291]" started-at="2022-01-15T17:16:53 IST" name="tearDown" finished-at="2022-01-15T17:16:53 IST" duration-ms="0" status="PASS">
          <reporter-output>
          </reporter-output>
        </test-method> <!-- tearDown -->
        <test-method is-config="true" signature="afterTest()[pri:0, instance:Tests.PersonalInformation@38cee291]" started-at="2022-01-15T17:16:53 IST" name="afterTest" finished-at="2022-01-15T17:16:53 IST" depends-on-methods="Tests.PersonalInformation.tearDown" duration-ms="1" status="PASS">
          <reporter-output>
          </reporter-output>
        </test-method> <!-- afterTest -->
      </class> <!-- Tests.PersonalInformation -->
    </test> <!-- Personal Information -->
    <test started-at="2022-01-15T17:16:53 IST" name="Academic Information" finished-at="2022-01-15T17:18:25 IST" duration-ms="92476">
      <class name="Tests.Ssc">
        <test-method is-config="true" signature="beforeSuite()[pri:0, instance:Tests.Ssc@2e385cce]" started-at="2022-01-15T17:16:22 IST" name="beforeSuite" finished-at="2022-01-15T17:16:22 IST" duration-ms="9" status="PASS">
          <reporter-output>
          </reporter-output>
        </test-method> <!-- beforeSuite -->
        <test-method is-config="true" signature="beforeTest()[pri:0, instance:Tests.Ssc@2e385cce]" started-at="2022-01-15T17:16:53 IST" name="beforeTest" finished-at="2022-01-15T17:16:53 IST" duration-ms="1" status="PASS">
          <reporter-output>
          </reporter-output>
        </test-method> <!-- beforeTest -->
        <test-method is-config="true" signature="beforeMethod()[pri:0, instance:Tests.Ssc@2e385cce]" started-at="2022-01-15T17:16:53 IST" name="beforeMethod" finished-at="2022-01-15T17:16:53 IST" duration-ms="9" status="PASS">
          <reporter-output>
          </reporter-output>
        </test-method> <!-- beforeMethod -->
        <test-method signature="clickAddDetailsAndTenthGradeButton()[pri:1, instance:Tests.Ssc@2e385cce]" started-at="2022-01-15T17:16:53 IST" name="clickAddDetailsAndTenthGradeButton" finished-at="2022-01-15T17:16:54 IST" duration-ms="1114" status="PASS">
          <reporter-output>
            <line>
              <![CDATA[Entered into academic information]]>
            </line>
            <line>
              <![CDATA[Entered into 10th grade]]>
            </line>
          </reporter-output>
        </test-method> <!-- clickAddDetailsAndTenthGradeButton -->
        <test-method is-config="true" signature="beforeMethod()[pri:0, instance:Tests.Ssc@2e385cce]" started-at="2022-01-15T17:16:54 IST" name="beforeMethod" finished-at="2022-01-15T17:16:54 IST" duration-ms="1" status="PASS">
          <reporter-output>
          </reporter-output>
        </test-method> <!-- beforeMethod -->
        <test-method signature="validateNegativeTenthGradeInfo()[pri:2, instance:Tests.Ssc@2e385cce]" started-at="2022-01-15T17:16:54 IST" name="validateNegativeTenthGradeInfo" finished-at="2022-01-15T17:17:19 IST" duration-ms="25051" status="FAIL">
          <exception class="org.openqa.selenium.NoSuchElementException">
            <message>
              <![CDATA[no such element: Unable to locate element: {"method":"xpath","selector":"//p[text()='Onboarding']"}
  (Session info: chrome=97.0.4692.71)
For documentation on this error, please visit: https://selenium.dev/exceptions/#no_such_element
Build info: version: '4.1.0', revision: '87802e897b'
System info: host: 'NAREN', ip: '192.168.131.114', os.name: 'Windows 8.1', os.arch: 'amd64', os.version: '6.3', java.version: '17'
Driver info: org.openqa.selenium.chrome.ChromeDriver
Command: [ad44e0aaf462c949b969ca57675e5089, findElement {using=xpath, value=//p[text()='Onboarding']}]
Capabilities {acceptInsecureCerts: false, browserName: chrome, browserVersion: 97.0.4692.71, chrome: {chromedriverVersion: 96.0.4664.35 (8df3babf8da8f..., userDataDir: C:\Users\NARENB~1\AppData\L...}, goog:chromeOptions: {debuggerAddress: localhost:51537}, javascriptEnabled: true, networkConnectionEnabled: false, pageLoadStrategy: normal, platform: WINDOWS, platformName: WINDOWS, proxy: Proxy(), se:cdp: ws://localhost:51537/devtoo..., se:cdpVersion: 97.0.4692.71, setWindowRect: true, strictFileInteractability: false, timeouts: {implicit: 0, pageLoad: 300000, script: 30000}, unhandledPromptBehavior: dismiss and notify, webauthn:extension:credBlob: true, webauthn:extension:largeBlob: true, webauthn:virtualAuthenticators: true}
Session ID: ad44e0aaf462c949b969ca57675e5089]]>
            </message>
            <full-stacktrace>
              <![CDATA[org.openqa.selenium.NoSuchElementException: no such element: Unable to locate element: {"method":"xpath","selector":"//p[text()='Onboarding']"}
  (Session info: chrome=97.0.4692.71)
For documentation on this error, please visit: https://selenium.dev/exceptions/#no_such_element
Build info: version: '4.1.0', revision: '87802e897b'
System info: host: 'NAREN', ip: '192.168.131.114', os.name: 'Windows 8.1', os.arch: 'amd64', os.version: '6.3', java.version: '17'
Driver info: org.openqa.selenium.chrome.ChromeDriver
Command: [ad44e0aaf462c949b969ca57675e5089, findElement {using=xpath, value=//p[text()='Onboarding']}]
Capabilities {acceptInsecureCerts: false, browserName: chrome, browserVersion: 97.0.4692.71, chrome: {chromedriverVersion: 96.0.4664.35 (8df3babf8da8f..., userDataDir: C:\Users\NARENB~1\AppData\L...}, goog:chromeOptions: {debuggerAddress: localhost:51537}, javascriptEnabled: true, networkConnectionEnabled: false, pageLoadStrategy: normal, platform: WINDOWS, platformName: WINDOWS, proxy: Proxy(), se:cdp: ws://localhost:51537/devtoo..., se:cdpVersion: 97.0.4692.71, setWindowRect: true, strictFileInteractability: false, timeouts: {implicit: 0, pageLoad: 300000, script: 30000}, unhandledPromptBehavior: dismiss and notify, webauthn:extension:credBlob: true, webauthn:extension:largeBlob: true, webauthn:virtualAuthenticators: true}
Session ID: ad44e0aaf462c949b969ca57675e5089
at java.base/jdk.internal.reflect.NativeConstructorAccessorImpl.newInstance0(Native Method)
at java.base/jdk.internal.reflect.NativeConstructorAccessorImpl.newInstance(NativeConstructorAccessorImpl.java:77)
at java.base/jdk.internal.reflect.DelegatingConstructorAccessorImpl.newInstance(DelegatingConstructorAccessorImpl.java:45)
at java.base/java.lang.reflect.Constructor.newInstanceWithCaller(Constructor.java:499)
at java.base/java.lang.reflect.Constructor.newInstance(Constructor.java:480)
at org.openqa.selenium.remote.codec.w3c.W3CHttpResponseCodec.createException(W3CHttpResponseCodec.java:200)
at org.openqa.selenium.remote.codec.w3c.W3CHttpResponseCodec.decode(W3CHttpResponseCodec.java:133)
at org.openqa.selenium.remote.codec.w3c.W3CHttpResponseCodec.decode(W3CHttpResponseCodec.java:53)
at org.openqa.selenium.remote.HttpCommandExecutor.execute(HttpCommandExecutor.java:184)
at org.openqa.selenium.remote.service.DriverCommandExecutor.invokeExecute(DriverCommandExecutor.java:164)
at org.openqa.selenium.remote.service.DriverCommandExecutor.execute(DriverCommandExecutor.java:139)
at org.openqa.selenium.remote.RemoteWebDriver.execute(RemoteWebDriver.java:559)
at org.openqa.selenium.remote.ElementLocation$ElementFinder$2.findElement(ElementLocation.java:162)
at org.openqa.selenium.remote.ElementLocation.findElement(ElementLocation.java:60)
at org.openqa.selenium.remote.RemoteWebDriver.findElement(RemoteWebDriver.java:383)
at org.openqa.selenium.remote.RemoteWebDriver.findElement(RemoteWebDriver.java:375)
at org.openqa.selenium.support.pagefactory.DefaultElementLocator.findElement(DefaultElementLocator.java:70)
at org.openqa.selenium.support.pagefactory.internal.LocatingElementHandler.invoke(LocatingElementHandler.java:39)
at jdk.proxy2/jdk.proxy2.$Proxy25.click(Unknown Source)
at Common.CommonFunctions.clickOnBoarding(CommonFunctions.java:69)
at Tests.Ssc.validateNegativeTenthGradeInfo(Ssc.java:98)
at java.base/jdk.internal.reflect.NativeMethodAccessorImpl.invoke0(Native Method)
at java.base/jdk.internal.reflect.NativeMethodAccessorImpl.invoke(NativeMethodAccessorImpl.java:77)
at java.base/jdk.internal.reflect.DelegatingMethodAccessorImpl.invoke(DelegatingMethodAccessorImpl.java:43)
at java.base/java.lang.reflect.Method.invoke(Method.java:568)
at org.testng.internal.MethodInvocationHelper.invokeMethod(MethodInvocationHelper.java:133)
at org.testng.internal.TestInvoker.invokeMethod(TestInvoker.java:598)
at org.testng.internal.TestInvoker.invokeTestMethod(TestInvoker.java:173)
at org.testng.internal.MethodRunner.runInSequence(MethodRunner.java:46)
at org.testng.internal.TestInvoker$MethodInvocationAgent.invoke(TestInvoker.java:824)
at org.testng.internal.TestInvoker.invokeTestMethods(TestInvoker.java:146)
at org.testng.internal.TestMethodWorker.invokeTestMethods(TestMethodWorker.java:146)
at org.testng.internal.TestMethodWorker.run(TestMethodWorker.java:128)
at java.base/java.util.ArrayList.forEach(ArrayList.java:1511)
at org.testng.TestRunner.privateRun(TestRunner.java:794)
at org.testng.TestRunner.run(TestRunner.java:596)
at org.testng.SuiteRunner.runTest(SuiteRunner.java:377)
at org.testng.SuiteRunner.runSequentially(SuiteRunner.java:371)
at org.testng.SuiteRunner.privateRun(SuiteRunner.java:332)
at org.testng.SuiteRunner.run(SuiteRunner.java:276)
at org.testng.SuiteRunnerWorker.runSuite(SuiteRunnerWorker.java:53)
at org.testng.SuiteRunnerWorker.run(SuiteRunnerWorker.java:96)
at org.testng.TestNG.runSuitesSequentially(TestNG.java:1212)
at org.testng.TestNG.runSuitesSequentially(TestNG.java:1207)
at org.testng.TestNG.runSuitesLocally(TestNG.java:1134)
at org.testng.TestNG.runSuites(TestNG.java:1063)
at org.testng.TestNG.run(TestNG.java:1031)
at org.testng.remote.AbstractRemoteTestNG.run(AbstractRemoteTestNG.java:115)
at org.testng.remote.RemoteTestNG.initAndRun(RemoteTestNG.java:251)
at org.testng.remote.RemoteTestNG.main(RemoteTestNG.java:77)
]]>
            </full-stacktrace>
          </exception> <!-- org.openqa.selenium.NoSuchElementException -->
          <reporter-output>
            <line>
              <![CDATA[School Name Entered]]>
            </line>
            <line>
              <![CDATA[Examination Board Combo gets clicked]]>
            </line>
            <line>
              <![CDATA[Examination Board Combo value clicked]]>
            </line>
            <line>
              <![CDATA[Start Date entered]]>
            </line>
            <line>
              <![CDATA[End Date entered]]>
            </line>
            <line>
              <![CDATA[Upload file is clicked]]>
            </line>
            <line>
              <![CDATA[File is uploaded]]>
            </line>
            <line>
              <![CDATA[Save button is clicked]]>
            </line>
            <line>
              <![CDATA[Failed to wait for en element 
Expected condition failed: waiting for presence of element located by: By.xpath: Please fill the required field (tried for 10 second(s) with 2000 milliseconds interval)]]>
            </line>
          </reporter-output>
        </test-method> <!-- validateNegativeTenthGradeInfo -->
        <test-method is-config="true" signature="afterTest()[pri:0, instance:Tests.Ssc@2e385cce]" started-at="2022-01-15T17:18:25 IST" name="afterTest" finished-at="2022-01-15T17:18:25 IST" duration-ms="1" status="PASS">
          <reporter-output>
          </reporter-output>
        </test-method> <!-- afterTest -->
        <test-method is-config="true" signature="afterSuite()[pri:0, instance:Tests.Ssc@2e385cce]" started-at="2022-01-15T17:18:25 IST" name="afterSuite" finished-at="2022-01-15T17:18:25 IST" duration-ms="111" status="PASS">
          <reporter-output>
          </reporter-output>
        </test-method> <!-- afterSuite -->
      </class> <!-- Tests.Ssc -->
      <class name="Tests.PlusTwo">
        <test-method signature="clickAddDetailsAndPlus2GradeButton()[pri:1, instance:Tests.PlusTwo@2ddc9a9f]" started-at="2022-01-15T17:17:19 IST" name="clickAddDetailsAndPlus2GradeButton" finished-at="2022-01-15T17:17:19 IST" duration-ms="444" status="PASS">
          <reporter-output>
            <line>
              <![CDATA[Entered into academic information]]>
            </line>
            <line>
              <![CDATA[Entered into 12th grade]]>
            </line>
          </reporter-output>
        </test-method> <!-- clickAddDetailsAndPlus2GradeButton -->
        <test-method is-config="true" signature="beforeMethod()[pri:0, instance:Tests.PlusTwo@2ddc9a9f]" started-at="2022-01-15T17:17:19 IST" name="beforeMethod" finished-at="2022-01-15T17:17:19 IST" duration-ms="0" status="PASS">
          <reporter-output>
          </reporter-output>
        </test-method> <!-- beforeMethod -->
        <test-method signature="validateNegativePlus2GradeInfo()[pri:2, instance:Tests.PlusTwo@2ddc9a9f]" started-at="2022-01-15T17:17:19 IST" name="validateNegativePlus2GradeInfo" finished-at="2022-01-15T17:17:43 IST" duration-ms="24062" status="PASS">
          <reporter-output>
            <line>
              <![CDATA[School Name Entered]]>
            </line>
            <line>
              <![CDATA[Examination Board Combo gets clicked]]>
            </line>
            <line>
              <![CDATA[Examination Board Combo value clicked]]>
            </line>
            <line>
              <![CDATA[Start Date entered]]>
            </line>
            <line>
              <![CDATA[End Date entered]]>
            </line>
            <line>
              <![CDATA[Upload file is clicked]]>
            </line>
            <line>
              <![CDATA[File is uploaded]]>
            </line>
            <line>
              <![CDATA[Save button is clicked]]>
            </line>
            <line>
              <![CDATA[Failed to wait for en element 
Expected condition failed: waiting for presence of element located by: By.xpath: Please fill the required field (tried for 10 second(s) with 2000 milliseconds interval)]]>
            </line>
            <line>
              <![CDATA[Document is in ready state]]>
            </line>
            <line>
              <![CDATA[This page is not defined with JQuery]]>
            </line>
            <line>
              <![CDATA[Back to onboarding]]>
            </line>
          </reporter-output>
        </test-method> <!-- validateNegativePlus2GradeInfo -->
        <test-method is-config="true" signature="beforeMethod()[pri:0, instance:Tests.PlusTwo@2ddc9a9f]" started-at="2022-01-15T17:17:19 IST" name="beforeMethod" finished-at="2022-01-15T17:17:19 IST" duration-ms="0" status="PASS">
          <reporter-output>
          </reporter-output>
        </test-method> <!-- beforeMethod -->
      </class> <!-- Tests.PlusTwo -->
      <class name="Tests.Diploma">
        <test-method signature="clickAddDetailsAndDiplomaButton()[pri:1, instance:Tests.Diploma@298a5e20]" started-at="2022-01-15T17:17:43 IST" name="clickAddDetailsAndDiplomaButton" finished-at="2022-01-15T17:17:44 IST" duration-ms="401" status="PASS">
          <reporter-output>
            <line>
              <![CDATA[Entered into academic information]]>
            </line>
            <line>
              <![CDATA[Entered into Diploma]]>
            </line>
          </reporter-output>
        </test-method> <!-- clickAddDetailsAndDiplomaButton -->
        <test-method is-config="true" signature="beforeMethod()[pri:0, instance:Tests.Diploma@298a5e20]" started-at="2022-01-15T17:17:43 IST" name="beforeMethod" finished-at="2022-01-15T17:17:43 IST" duration-ms="0" status="PASS">
          <reporter-output>
          </reporter-output>
        </test-method> <!-- beforeMethod -->
        <test-method is-config="true" signature="beforeMethod()[pri:0, instance:Tests.Diploma@298a5e20]" started-at="2022-01-15T17:17:44 IST" name="beforeMethod" finished-at="2022-01-15T17:17:44 IST" duration-ms="0" status="PASS">
          <reporter-output>
          </reporter-output>
        </test-method> <!-- beforeMethod -->
        <test-method signature="validateNegativeDiplomaInfo()[pri:2, instance:Tests.Diploma@298a5e20]" started-at="2022-01-15T17:17:44 IST" name="validateNegativeDiplomaInfo" finished-at="2022-01-15T17:17:56 IST" duration-ms="12560" status="PASS">
          <reporter-output>
            <line>
              <![CDATA[College Combo gets clicked]]>
            </line>
            <line>
              <![CDATA[College Combo value clicked]]>
            </line>
            <line>
              <![CDATA[University Combo gets clicked]]>
            </line>
            <line>
              <![CDATA[University Combo value clicked]]>
            </line>
            <line>
              <![CDATA[Field Of Study Combo gets clicked]]>
            </line>
            <line>
              <![CDATA[Field Of Study Combo value clicked]]>
            </line>
            <line>
              <![CDATA[Start Date entered]]>
            </line>
            <line>
              <![CDATA[End Date entered]]>
            </line>
            <line>
              <![CDATA[Grade Scale Combo gets clicked]]>
            </line>
            <line>
              <![CDATA[Grade Scale Combo value clicked]]>
            </line>
            <line>
              <![CDATA[CGPA entered]]>
            </line>
            <line>
              <![CDATA[Save button is clicked]]>
            </line>
            <line>
              <![CDATA[Failed to wait for en element 
Expected condition failed: waiting for presence of element located by: By.xpath: Please fill the required field (tried for 10 second(s) with 2000 milliseconds interval)]]>
            </line>
            <line>
              <![CDATA[Document is in ready state]]>
            </line>
            <line>
              <![CDATA[This page is not defined with JQuery]]>
            </line>
            <line>
              <![CDATA[Back to onboarding]]>
            </line>
          </reporter-output>
        </test-method> <!-- validateNegativeDiplomaInfo -->
      </class> <!-- Tests.Diploma -->
      <class name="Tests.UnderGraduate">
        <test-method is-config="true" signature="beforeMethod()[pri:0, instance:Tests.UnderGraduate@2a7f1f10]" started-at="2022-01-15T17:17:56 IST" name="beforeMethod" finished-at="2022-01-15T17:17:56 IST" duration-ms="0" status="PASS">
          <reporter-output>
          </reporter-output>
        </test-method> <!-- beforeMethod -->
        <test-method signature="clickAddDetailsAndUnderGradGradeButton()[pri:1, instance:Tests.UnderGraduate@2a7f1f10]" started-at="2022-01-15T17:17:56 IST" name="clickAddDetailsAndUnderGradGradeButton" finished-at="2022-01-15T17:17:59 IST" duration-ms="2764" status="PASS">
          <reporter-output>
            <line>
              <![CDATA[Entered into academic information]]>
            </line>
            <line>
              <![CDATA[Entered into undergraduate]]>
            </line>
          </reporter-output>
        </test-method> <!-- clickAddDetailsAndUnderGradGradeButton -->
        <test-method is-config="true" signature="beforeMethod()[pri:0, instance:Tests.UnderGraduate@2a7f1f10]" started-at="2022-01-15T17:17:59 IST" name="beforeMethod" finished-at="2022-01-15T17:17:59 IST" duration-ms="1" status="PASS">
          <reporter-output>
          </reporter-output>
        </test-method> <!-- beforeMethod -->
        <test-method signature="validateNegativeUnderGradInfo()[pri:2, instance:Tests.UnderGraduate@2a7f1f10]" started-at="2022-01-15T17:17:59 IST" name="validateNegativeUnderGradInfo" finished-at="2022-01-15T17:18:11 IST" duration-ms="12372" status="PASS">
          <reporter-output>
            <line>
              <![CDATA[College Combo gets clicked]]>
            </line>
            <line>
              <![CDATA[College Combo value clicked]]>
            </line>
            <line>
              <![CDATA[University Combo gets clicked]]>
            </line>
            <line>
              <![CDATA[University Combo value clicked]]>
            </line>
            <line>
              <![CDATA[Field Of Study Combo gets clicked]]>
            </line>
            <line>
              <![CDATA[Field Of Study Combo value clicked]]>
            </line>
            <line>
              <![CDATA[Start Date entered]]>
            </line>
            <line>
              <![CDATA[End Date entered]]>
            </line>
            <line>
              <![CDATA[Grade Scale Combo gets clicked]]>
            </line>
            <line>
              <![CDATA[Grade Scale Combo value clicked]]>
            </line>
            <line>
              <![CDATA[CGPA entered]]>
            </line>
            <line>
              <![CDATA[Save button is clicked]]>
            </line>
            <line>
              <![CDATA[Failed to wait for en element 
Expected condition failed: waiting for presence of element located by: By.xpath: Please fill the required field (tried for 10 second(s) with 2000 milliseconds interval)]]>
            </line>
            <line>
              <![CDATA[Document is in ready state]]>
            </line>
            <line>
              <![CDATA[This page is not defined with JQuery]]>
            </line>
            <line>
              <![CDATA[Back to onboarding]]>
            </line>
          </reporter-output>
        </test-method> <!-- validateNegativeUnderGradInfo -->
      </class> <!-- Tests.UnderGraduate -->
      <class name="Tests.PostGraduate">
        <test-method signature="clickAddDetailsAndPostGradGradeButton()[pri:1, instance:Tests.PostGraduate@46cdf8bd]" started-at="2022-01-15T17:18:11 IST" name="clickAddDetailsAndPostGradGradeButton" finished-at="2022-01-15T17:18:12 IST" duration-ms="498" status="PASS">
          <reporter-output>
            <line>
              <![CDATA[Document is in ready state]]>
            </line>
            <line>
              <![CDATA[This page is not defined with JQuery]]>
            </line>
            <line>
              <![CDATA[Entered into academic information]]>
            </line>
            <line>
              <![CDATA[Entered into postgraduate]]>
            </line>
          </reporter-output>
        </test-method> <!-- clickAddDetailsAndPostGradGradeButton -->
        <test-method is-config="true" signature="beforeMethod()[pri:0, instance:Tests.PostGraduate@46cdf8bd]" started-at="2022-01-15T17:18:11 IST" name="beforeMethod" finished-at="2022-01-15T17:18:11 IST" duration-ms="0" status="PASS">
          <reporter-output>
          </reporter-output>
        </test-method> <!-- beforeMethod -->
        <test-method signature="validateNegativePostGradInfo()[pri:2, instance:Tests.PostGraduate@46cdf8bd]" started-at="2022-01-15T17:18:12 IST" name="validateNegativePostGradInfo" finished-at="2022-01-15T17:18:25 IST" duration-ms="13162" status="PASS">
          <reporter-output>
            <line>
              <![CDATA[College Combo gets clicked]]>
            </line>
            <line>
              <![CDATA[College Combo value clicked]]>
            </line>
            <line>
              <![CDATA[University Combo gets clicked]]>
            </line>
            <line>
              <![CDATA[University Combo value clicked]]>
            </line>
            <line>
              <![CDATA[Field Of Study Combo gets clicked]]>
            </line>
            <line>
              <![CDATA[Field Of Study Combo value clicked]]>
            </line>
            <line>
              <![CDATA[Start Date entered]]>
            </line>
            <line>
              <![CDATA[End Date entered]]>
            </line>
            <line>
              <![CDATA[Grade Scale Combo gets clicked]]>
            </line>
            <line>
              <![CDATA[Grade Scale Combo value clicked]]>
            </line>
            <line>
              <![CDATA[CGPA entered]]>
            </line>
            <line>
              <![CDATA[Save button is clicked]]>
            </line>
            <line>
              <![CDATA[Failed to wait for en element 
Expected condition failed: waiting for presence of element located by: By.xpath: Please fill the required field (tried for 10 second(s) with 2000 milliseconds interval)]]>
            </line>
          </reporter-output>
        </test-method> <!-- validateNegativePostGradInfo -->
        <test-method is-config="true" signature="beforeMethod()[pri:0, instance:Tests.PostGraduate@46cdf8bd]" started-at="2022-01-15T17:18:12 IST" name="beforeMethod" finished-at="2022-01-15T17:18:12 IST" duration-ms="0" status="PASS">
          <reporter-output>
          </reporter-output>
        </test-method> <!-- beforeMethod -->
      </class> <!-- Tests.PostGraduate -->
    </test> <!-- Academic Information -->
  </suite> <!-- Personal info and academic info functionality test -->
  <suite started-at="2022-01-15T17:18:25 IST" name="Unified Portal Test Cases" finished-at="2022-01-15T17:18:25 IST" duration-ms="0">
    <groups>
    </groups>
  </suite> <!-- Unified Portal Test Cases -->
  <suite started-at="2022-01-15T17:15:47 IST" name="Login functionality test" finished-at="2022-01-15T17:16:21 IST" duration-ms="34297">
    <groups>
    </groups>
    <test started-at="2022-01-15T17:15:47 IST" name="Login functionality" finished-at="2022-01-15T17:16:21 IST" duration-ms="34297">
      <class name="Tests.Login">
        <test-method is-config="true" signature="beforeSuite()[pri:0, instance:Tests.Login@659499f1]" started-at="2022-01-15T17:15:47 IST" name="beforeSuite" finished-at="2022-01-15T17:15:47 IST" duration-ms="403" status="PASS">
          <reporter-output>
          </reporter-output>
        </test-method> <!-- beforeSuite -->
        <test-method is-config="true" signature="initDriver()[pri:0, instance:Tests.Login@659499f1]" started-at="2022-01-15T17:15:47 IST" name="initDriver" finished-at="2022-01-15T17:15:51 IST" depends-on-methods="Helper.OpentapsWrappers.beforeTest" duration-ms="4084" status="PASS">
          <reporter-output>
          </reporter-output>
        </test-method> <!-- initDriver -->
        <test-method is-config="true" signature="beforeTest()[pri:0, instance:Tests.Login@659499f1]" started-at="2022-01-15T17:15:47 IST" name="beforeTest" finished-at="2022-01-15T17:15:47 IST" duration-ms="0" status="PASS">
          <reporter-output>
          </reporter-output>
        </test-method> <!-- beforeTest -->
        <test-method is-config="true" signature="beforeMethod()[pri:0, instance:Tests.Login@659499f1]" started-at="2022-01-15T17:15:53 IST" name="beforeMethod" finished-at="2022-01-15T17:15:53 IST" duration-ms="0" status="PASS">
          <reporter-output>
          </reporter-output>
        </test-method> <!-- beforeMethod -->
        <test-method signature="doLogIn(java.lang.String,java.lang.String,java.lang.String)[pri:1, instance:Tests.Login@659499f1]" started-at="2022-01-15T17:15:53 IST" name="doLogIn" data-provider="LoginData" finished-at="2022-01-15T17:16:08 IST" duration-ms="15004" status="PASS">
          <params>
            <param index="0">
              <value>
                <![CDATA[stagetester1@gmail.com]]>
              </value>
            </param>
            <param index="1">
              <value>
                <![CDATA[678968767]]>
              </value>
            </param>
            <param index="2">
              <value>
                <![CDATA[Invalid Password]]>
              </value>
            </param>
          </params>
          <reporter-output>
            <line>
              <![CDATA[Invalid Password [Popup Detected]]]>
            </line>
          </reporter-output>
        </test-method> <!-- doLogIn -->
        <test-method is-config="true" signature="beforeMethod()[pri:0, instance:Tests.Login@659499f1]" started-at="2022-01-15T17:16:08 IST" name="beforeMethod" finished-at="2022-01-15T17:16:08 IST" duration-ms="1" status="PASS">
          <reporter-output>
          </reporter-output>
        </test-method> <!-- beforeMethod -->
        <test-method signature="doLogIn(java.lang.String,java.lang.String,java.lang.String)[pri:1, instance:Tests.Login@659499f1]" started-at="2022-01-15T17:16:08 IST" name="doLogIn" data-provider="LoginData" finished-at="2022-01-15T17:16:20 IST" duration-ms="12047" status="PASS">
          <params>
            <param index="0">
              <value>
                <![CDATA[testingtester123@gmail.com]]>
              </value>
            </param>
            <param index="1">
              <value>
                <![CDATA[5641234567]]>
              </value>
            </param>
            <param index="2">
              <value>
                <![CDATA[Valid username and password]]>
              </value>
            </param>
          </params>
          <reporter-output>
            <line>
              <![CDATA[Login Successful]]>
            </line>
          </reporter-output>
        </test-method> <!-- doLogIn -->
        <test-method is-config="true" signature="tearDown()[pri:0, instance:Tests.Login@659499f1]" started-at="2022-01-15T17:16:20 IST" name="tearDown" finished-at="2022-01-15T17:16:21 IST" duration-ms="1177" status="PASS">
          <reporter-output>
          </reporter-output>
        </test-method> <!-- tearDown -->
        <test-method is-config="true" signature="afterTest()[pri:0, instance:Tests.Login@659499f1]" started-at="2022-01-15T17:16:21 IST" name="afterTest" finished-at="2022-01-15T17:16:21 IST" depends-on-methods="Tests.Login.tearDown" duration-ms="1" status="PASS">
          <reporter-output>
          </reporter-output>
        </test-method> <!-- afterTest -->
        <test-method is-config="true" signature="afterSuite()[pri:0, instance:Tests.Login@659499f1]" started-at="2022-01-15T17:16:21 IST" name="afterSuite" finished-at="2022-01-15T17:16:22 IST" duration-ms="283" status="PASS">
          <reporter-output>
          </reporter-output>
        </test-method> <!-- afterSuite -->
      </class> <!-- Tests.Login -->
    </test> <!-- Login functionality -->
  </suite> <!-- Login functionality test -->
</testng-results>
